{"level":"error","message":{}}
{"level":"error","message":[{"author":{"avatar":"https://raw.githubusercontent.com/viniciosneves/code-connect-assets/main/authors/anabeatriz_dev.png","id":101,"name":"Ana Beatriz","username":"anabeatriz_dev"},"body":"Este post detalha o uso do Flexbox para criar layouts responsivos e flexíveis no CSS, com exemplos práticos para um entendimento fácil.","cover":"https://raw.githubusercontent.com/viniciosneves/code-connect-assets/main/posts/explorando-flexbox-no-css.png","id":"7","markdown":"```css\n.flex-container {\n  display: flex;\n  justify-content: space-around;\n}\n```","slug":"explorando-flexbox-no-css","title":"Explorando Flexbox no CSS"}]}
{"level":"error","message":"explorando-flexbox-no-css"}
{"level":"error","message":"explorando-flexbox-no-css"}
{"error":{},"level":"error","message":"Falha ao obter o post com o slug: ","slug":"angular-primeiros-passoss"}
{"error":{},"level":"error","message":"Falha ao obter o post com o slug: ","slug":"dicas-de-acessibilidade-webs"}
{"error":{"clientVersion":"5.22.0","name":"PrismaClientInitializationError"},"level":"error","message":"Falha ao obter posts"}
{"error":{"clientVersion":"5.22.0","name":"PrismaClientInitializationError"},"level":"error","message":"Falha ao obter posts"}
{"error":{"clientVersion":"5.22.0","name":"PrismaClientInitializationError"},"level":"error","message":"Falha ao obter posts"}
{"error":{"clientVersion":"5.22.0","name":"PrismaClientInitializationError"},"level":"error","message":"Falha ao obter posts"}
{"error":{"clientVersion":"5.22.0","name":"PrismaClientInitializationError"},"level":"error","message":"Falha ao obter posts"}
{"error":{"clientVersion":"5.22.0","name":"PrismaClientInitializationError"},"level":"error","message":"Falha ao obter posts"}
{"error":{"clientVersion":"5.22.0","name":"PrismaClientInitializationError"},"level":"error","message":"Falha ao obter posts"}
{"error":{"clientVersion":"5.22.0","name":"PrismaClientInitializationError"},"level":"error","message":"Falha ao obter posts"}
{"error":{"clientVersion":"5.22.0","name":"PrismaClientInitializationError"},"level":"error","message":"Falha ao obter posts"}
{"error":{"clientVersion":"5.22.0","name":"PrismaClientInitializationError"},"level":"error","message":"Falha ao obter posts"}
{"error":{"clientVersion":"5.22.0","name":"PrismaClientInitializationError"},"level":"error","message":"Falha ao obter posts"}
{"error":{"clientVersion":"5.22.0","name":"PrismaClientInitializationError"},"level":"error","message":"Falha ao obter posts"}
{"error":{"clientVersion":"5.22.0","name":"PrismaClientInitializationError"},"level":"error","message":"Falha ao obter posts"}
{"error":{"clientVersion":"5.22.0","name":"PrismaClientInitializationError"},"level":"error","message":"Falha ao obter posts"}
{"error":{"clientVersion":"5.22.0","name":"PrismaClientInitializationError"},"level":"error","message":"Falha ao obter posts"}
{"error":{"clientVersion":"5.22.0","name":"PrismaClientInitializationError"},"level":"error","message":"Falha ao obter posts"}
